
> zoom@1.0.0 dev /home/ubuntu/project/zoom_clone_nomardcorders
> nodemon

[33m[nodemon] 2.0.15[39m
[33m[nodemon] to restart at any time, enter `rs`[39m
[33m[nodemon] watching path(s): *.*[39m
[33m[nodemon] watching extensions: js,mjs,json[39m
[32m[nodemon] starting `babel-node ./src/server.js`[39m
events.js:377
      throw er; // Unhandled 'error' event
      ^

Error: EBADF: bad file descriptor, read
Emitted 'error' event on ReadStream instance at:
    at internal/fs/streams.js:173:14
    at FSReqCallback.wrapper [as oncomplete] (fs.js:562:5) {
  errno: -9,
  code: 'EBADF',
  syscall: 'read'
}
npm ERR! code ELIFECYCLE
npm ERR! errno 1
npm ERR! zoom@1.0.0 dev: `nodemon`
npm ERR! Exit status 1
npm ERR! 
npm ERR! Failed at the zoom@1.0.0 dev script.
npm ERR! This is probably not a problem with npm. There is likely additional logging output above.

npm ERR! A complete log of this run can be found in:
npm ERR!     /home/ubuntu/.npm/_logs/2022-02-21T18_02_35_997Z-debug.log
Listening on http://localhost:3000
